<?xml version="1.0" encoding="UTF-8"?>
<!-- Generated by org.testng.reporters.JUnitReportReporter -->
<testsuite hostname="DESKTOP-HPNOI30" failures="0" tests="3" name="com.testautomation.apitesting.tests.DataDrivenTestingusingJsonFile" time="13.622" errors="0" timestamp="2023-07-06T20:46:44 IST" skipped="0">
  <testcase classname="com.testautomation.apitesting.tests.DataDrivenTestingusingJsonFile" name="dataDrivenTestingUsingJsonFile" time="10.315"/>
  <system-out/>
  <testcase classname="com.testautomation.apitesting.tests.DataDrivenTestingusingJsonFile" name="dataDrivenTestingUsingJsonFile" time="1.789"/>
  <system-out/>
  <testcase classname="com.testautomation.apitesting.tests.DataDrivenTestingusingJsonFile" name="dataDrivenTestingUsingJsonFile" time="1.518"/>
  <system-out/>
</testsuite> <!-- com.testautomation.apitesting.tests.DataDrivenTestingusingJsonFile -->
