<?xml version="1.0" encoding="UTF-8"?>
<!-- Generated by org.testng.reporters.JUnitReportReporter -->
<testsuite hostname="DESKTOP-HPNOI30" failures="0" tests="1" name="com.testautomation.apitesting.tests.PostAPIRequest" time="12.222" errors="0" timestamp="2023-07-03T16:40:01 IST" skipped="0">
  <testcase classname="com.testautomation.apitesting.tests.PostAPIRequest" name="createBooking" time="12.222"/>
  <system-out/>
</testsuite> <!-- com.testautomation.apitesting.tests.PostAPIRequest -->
