<?xml version="1.0" encoding="UTF-8"?>
<!-- Generated by org.testng.reporters.JUnitReportReporter -->
<testsuite hostname="DESKTOP-HPNOI30" failures="0" tests="3" name="com.testautomation.apitesting.tests.DataDrivenTestingUsingCSVFile" time="7.824" errors="0" timestamp="2023-07-07T16:51:31 IST" skipped="0">
  <testcase classname="com.testautomation.apitesting.tests.DataDrivenTestingUsingCSVFile" name="dataDrivenTestingUsingCSVFile" time="1.425"/>
  <system-out/>
  <testcase classname="com.testautomation.apitesting.tests.DataDrivenTestingUsingCSVFile" name="dataDrivenTestingUsingCSVFile" time="1.348"/>
  <system-out/>
  <testcase classname="com.testautomation.apitesting.tests.DataDrivenTestingUsingCSVFile" name="dataDrivenTestingUsingCSVFile" time="5.051"/>
  <system-out/>
</testsuite> <!-- com.testautomation.apitesting.tests.DataDrivenTestingUsingCSVFile -->
