<?xml version="1.0" encoding="UTF-8"?>
<!-- Generated by org.testng.reporters.JUnitReportReporter -->
<testsuite hostname="DESKTOP-HPNOI30" failures="0" tests="1" name="com.testautomation.apitesting.tests.GetAPIRequest" time="5.450" errors="0" timestamp="2023-07-03T14:27:52 IST" skipped="0">
  <testcase classname="com.testautomation.apitesting.tests.GetAPIRequest" name="getAllBookings" time="5.450"/>
  <system-out/>
</testsuite> <!-- com.testautomation.apitesting.tests.GetAPIRequest -->
