<?xml version="1.0" encoding="UTF-8"?>
<!-- Generated by org.testng.reporters.JUnitReportReporter -->
<testsuite hostname="DESKTOP-HPNOI30" failures="0" tests="1" name="com.testautomation.apitesting.tests.AllureReportGeneration" time="13.611" errors="0" timestamp="2023-07-07T18:45:44 IST" skipped="0">
  <testcase classname="com.testautomation.apitesting.tests.AllureReportGeneration" name="postAPIRequest" time="13.611"/>
  <system-out/>
</testsuite> <!-- com.testautomation.apitesting.tests.AllureReportGeneration -->
