<?xml version="1.0" encoding="UTF-8"?>
<!-- Generated by org.testng.reporters.JUnitReportReporter -->
<testsuite hostname="DESKTOP-HPNOI30" failures="0" tests="2" name="com.testautomation.apitesting.tests.DataDrivenTestingUsingExcel" time="6.348" errors="0" timestamp="2023-07-07T02:33:20 IST" skipped="0">
  <testcase classname="com.testautomation.apitesting.tests.DataDrivenTestingUsingExcel" name="dataDrivenTestingUsingExcel" time="1.355"/>
  <system-out/>
  <testcase classname="com.testautomation.apitesting.tests.DataDrivenTestingUsingExcel" name="dataDrivenTestingUsingExcel" time="4.993"/>
  <system-out/>
</testsuite> <!-- com.testautomation.apitesting.tests.DataDrivenTestingUsingExcel -->
