<?xml version="1.0" encoding="UTF-8"?>
<!-- Generated by org.testng.reporters.JUnitReportReporter -->
<testsuite hostname="DESKTOP-HPNOI30" failures="0" tests="1" name="com.testautomation.apitesting.tests.PostAPIRequestUsingPojos" time="10.193" errors="0" timestamp="2023-07-08T01:11:16 IST" skipped="0">
  <testcase classname="com.testautomation.apitesting.tests.PostAPIRequestUsingPojos" name="PostRequestUsingPojo" time="10.193"/>
  <system-out/>
</testsuite> <!-- com.testautomation.apitesting.tests.PostAPIRequestUsingPojos -->
