<?xml version="1.0" encoding="UTF-8"?>
<!-- Generated by org.testng.reporters.JUnitReportReporter -->
<testsuite hostname="DESKTOP-HPNOI30" failures="0" tests="1" name="com.testautomation.apitesting.tests.AllureReportGeneration" time="14.435" errors="0" timestamp="2023-07-08T02:16:56 IST" skipped="0">
  <testcase classname="com.testautomation.apitesting.tests.AllureReportGeneration" name="postAPIRequest" time="14.435"/>
  <system-out/>
</testsuite> <!-- com.testautomation.apitesting.tests.AllureReportGeneration -->
